InnoDB: using atomic writes.
2022-03-10 14:08:22 0 [Note] InnoDB: Mutexes and rw_locks use Windows interlocked functions
2022-03-10 14:08:22 0 [Note] InnoDB: Uses event mutexes
2022-03-10 14:08:22 0 [Note] InnoDB: Compressed tables use zlib 1.2.11
2022-03-10 14:08:22 0 [Note] InnoDB: Number of pools: 1
2022-03-10 14:08:23 0 [Note] InnoDB: Using generic crc32 instructions
2022-03-10 14:08:23 0 [Note] InnoDB: Initializing buffer pool, total size = 16M, instances = 1, chunk size = 16M
2022-03-10 14:08:23 0 [Note] InnoDB: Completed initialization of buffer pool
2022-03-10 14:08:23 0 [Note] InnoDB: Starting crash recovery from checkpoint LSN=300288
2022-03-10 14:08:24 0 [Note] InnoDB: 128 out of 128 rollback segments are active.
2022-03-10 14:08:24 0 [Note] InnoDB: Removed temporary tablespace data file: "ibtmp1"
2022-03-10 14:08:24 0 [Note] InnoDB: Creating shared tablespace for temporary tables
2022-03-10 14:08:24 0 [Note] InnoDB: Setting file 'C:\xampp\mysql\data\ibtmp1' size to 12 MB. Physically writing the file full; Please wait ...
2022-03-10 14:08:24 0 [Note] InnoDB: File 'C:\xampp\mysql\data\ibtmp1' size is now 12 MB.
2022-03-10 14:08:24 0 [Note] InnoDB: Waiting for purge to start
2022-03-10 14:08:24 0 [Note] InnoDB: Waiting for purge to start
2022-03-10 14:08:24 0 [Note] InnoDB: Waiting for purge to start
2022-03-10 14:08:24 0 [Note] InnoDB: 10.4.17 started; log sequence number 300297; transaction id 170
2022-03-10 14:08:24 0 [Note] InnoDB: Loading buffer pool(s) from C:\xampp\mysql\data\ib_buffer_pool
2022-03-10 14:08:24 0 [Note] Plugin 'FEEDBACK' is disabled.
2022-03-10 14:08:24 0 [Note] InnoDB: Buffer pool(s) load completed at 220310 14:08:24
2022-03-10 14:08:24 0 [Note] Server socket created on IP: '::'.
2022-03-10 14:08:27 0 [Note] Reading of all Master_info entries succeeded
2022-03-10 14:08:27 0 [Note] Added new Master_info '' to hash table
2022-03-10 14:08:27 0 [Note] mysql\bin\mysqld.exe: ready for connections.
Version: '10.4.17-MariaDB'  socket: ''  port: 3306  mariadb.org binary distribution
InnoDB: using atomic writes.
2022-03-10 14:19:05 0 [Note] InnoDB: Mutexes and rw_locks use Windows interlocked functions
2022-03-10 14:19:05 0 [Note] InnoDB: Uses event mutexes
2022-03-10 14:19:05 0 [Note] InnoDB: Compressed tables use zlib 1.2.11
2022-03-10 14:19:05 0 [Note] InnoDB: Number of pools: 1
2022-03-10 14:19:05 0 [Note] InnoDB: Using generic crc32 instructions
2022-03-10 14:19:05 0 [Note] InnoDB: Initializing buffer pool, total size = 16M, instances = 1, chunk size = 16M
2022-03-10 14:19:05 0 [Note] InnoDB: Completed initialization of buffer pool
2022-03-10 14:19:05 0 [Note] InnoDB: Starting crash recovery from checkpoint LSN=300306
2022-03-10 14:19:06 0 [Note] InnoDB: 128 out of 128 rollback segments are active.
2022-03-10 14:19:06 0 [Note] InnoDB: Removed temporary tablespace data file: "ibtmp1"
2022-03-10 14:19:06 0 [Note] InnoDB: Creating shared tablespace for temporary tables
2022-03-10 14:19:06 0 [Note] InnoDB: Setting file 'C:\xampp\mysql\data\ibtmp1' size to 12 MB. Physically writing the file full; Please wait ...
2022-03-10 14:19:06 0 [Note] InnoDB: File 'C:\xampp\mysql\data\ibtmp1' size is now 12 MB.
2022-03-10 14:19:06 0 [Note] InnoDB: Waiting for purge to start
2022-03-10 14:19:06 0 [Note] InnoDB: 10.4.17 started; log sequence number 300315; transaction id 170
2022-03-10 14:19:06 0 [Note] InnoDB: Loading buffer pool(s) from C:\xampp\mysql\data\ib_buffer_pool
2022-03-10 14:19:06 0 [Note] Plugin 'FEEDBACK' is disabled.
2022-03-10 14:19:06 0 [Note] Server socket created on IP: '::'.
InnoDB: using atomic writes.
2022-03-10 14:29:23 0 [Note] InnoDB: Mutexes and rw_locks use Windows interlocked functions
2022-03-10 14:29:23 0 [Note] InnoDB: Uses event mutexes
2022-03-10 14:29:23 0 [Note] InnoDB: Compressed tables use zlib 1.2.11
2022-03-10 14:29:23 0 [Note] InnoDB: Number of pools: 1
2022-03-10 14:29:23 0 [Note] InnoDB: Using generic crc32 instructions
2022-03-10 14:29:23 0 [Note] InnoDB: Initializing buffer pool, total size = 16M, instances = 1, chunk size = 16M
2022-03-10 14:29:23 0 [Note] InnoDB: Completed initialization of buffer pool
2022-03-10 14:29:23 0 [Note] InnoDB: Starting crash recovery from checkpoint LSN=300961
2022-03-10 14:29:23 0 [Note] InnoDB: 128 out of 128 rollback segments are active.
2022-03-10 14:29:23 0 [Note] InnoDB: Removed temporary tablespace data file: "ibtmp1"
2022-03-10 14:29:23 0 [Note] InnoDB: Creating shared tablespace for temporary tables
2022-03-10 14:29:23 0 [Note] InnoDB: Setting file 'C:\xampp\mysql\data\ibtmp1' size to 12 MB. Physically writing the file full; Please wait ...
2022-03-10 14:29:23 0 [Note] InnoDB: File 'C:\xampp\mysql\data\ibtmp1' size is now 12 MB.
2022-03-10 14:29:23 0 [Note] InnoDB: Waiting for purge to start
2022-03-10 14:29:23 0 [Note] InnoDB: 10.4.17 started; log sequence number 300970; transaction id 195
2022-03-10 14:29:23 0 [Note] InnoDB: Loading buffer pool(s) from C:\xampp\mysql\data\ib_buffer_pool
2022-03-10 14:29:23 0 [Note] Plugin 'FEEDBACK' is disabled.
2022-03-10 14:29:23 0 [Note] Server socket created on IP: '::'.
2022-03-10 21:24:34 0 [Note] mysqld.exe: Aria engine: starting recovery
recovered pages: 0% 14% 57% 84% 95% 100% (0.1 seconds); tables to flush: 2 1 0
 (0.1 seconds); 
2022-03-10 21:24:35 0 [Note] mysqld.exe: Aria engine: recovery done
InnoDB: using atomic writes.
2022-03-10 21:24:35 0 [Note] InnoDB: Mutexes and rw_locks use Windows interlocked functions
2022-03-10 21:24:35 0 [Note] InnoDB: Uses event mutexes
2022-03-10 21:24:35 0 [Note] InnoDB: Compressed tables use zlib 1.2.11
2022-03-10 21:24:35 0 [Note] InnoDB: Number of pools: 1
2022-03-10 21:24:35 0 [Note] InnoDB: Using generic crc32 instructions
2022-03-10 21:24:35 0 [Note] InnoDB: Initializing buffer pool, total size = 16M, instances = 1, chunk size = 16M
2022-03-10 21:24:35 0 [Note] InnoDB: Completed initialization of buffer pool
2022-03-10 21:24:35 0 [Note] InnoDB: Starting crash recovery from checkpoint LSN=6505501
2022-03-10 21:24:39 0 [Note] InnoDB: 128 out of 128 rollback segments are active.
2022-03-10 21:24:39 0 [Note] InnoDB: Removed temporary tablespace data file: "ibtmp1"
2022-03-10 21:24:39 0 [Note] InnoDB: Creating shared tablespace for temporary tables
2022-03-10 21:24:39 0 [Note] InnoDB: Setting file 'C:\xampp\mysql\data\ibtmp1' size to 12 MB. Physically writing the file full; Please wait ...
2022-03-10 21:24:39 0 [Note] InnoDB: File 'C:\xampp\mysql\data\ibtmp1' size is now 12 MB.
2022-03-10 21:24:39 0 [Note] InnoDB: Waiting for purge to start
2022-03-10 21:24:39 0 [Note] InnoDB: 10.4.17 started; log sequence number 6505510; transaction id 4640
2022-03-10 21:24:39 0 [Note] InnoDB: Loading buffer pool(s) from C:\xampp\mysql\data\ib_buffer_pool
2022-03-10 21:24:39 0 [Note] Plugin 'FEEDBACK' is disabled.
2022-03-10 21:24:39 0 [Note] InnoDB: Buffer pool(s) load completed at 220310 21:24:39
2022-03-10 21:24:40 0 [Note] Server socket created on IP: '::'.
